  [1m[36m (124.4ms)[0m  [1mCREATE TABLE "schema_migrations" ("version" varchar(255) NOT NULL) [0m
  [1m[35m (0.3ms)[0m  select sqlite_version(*)
  [1m[36m (122.6ms)[0m  [1mCREATE UNIQUE INDEX "unique_schema_migrations" ON "schema_migrations" ("version")[0m
  [1m[35mActiveRecord::SchemaMigration Load (0.2ms)[0m  SELECT "schema_migrations".* FROM "schema_migrations"
Migrating to CreateComentarios (20140930203452)
  [1m[36m (0.2ms)[0m  [1mbegin transaction[0m
  [1m[35m (0.6ms)[0m  CREATE TABLE "comentarios" ("id" INTEGER PRIMARY KEY AUTOINCREMENT NOT NULL, "comentario" varchar(255), "puntos" integer, "created_at" datetime, "updated_at" datetime) 
  [1m[36mSQL (0.3ms)[0m  [1mINSERT INTO "schema_migrations" ("version") VALUES (?)[0m  [["version", "20140930203452"]]
  [1m[35m (136.1ms)[0m  commit transaction
Migrating to CreatePlatos (20140930203638)
  [1m[36m (0.1ms)[0m  [1mbegin transaction[0m
  [1m[35m (0.5ms)[0m  CREATE TABLE "platos" ("id" INTEGER PRIMARY KEY AUTOINCREMENT NOT NULL, "nombre" varchar(255), "precio" integer, "categoria" varchar(255), "tipo" varchar(255), "calificaciones" integer, "total" integer, "created_at" datetime, "updated_at" datetime) 
  [1m[36mSQL (0.2ms)[0m  [1mINSERT INTO "schema_migrations" ("version") VALUES (?)[0m  [["version", "20140930203638"]]
  [1m[35m (121.7ms)[0m  commit transaction
Migrating to CreateSnacks (20140930203717)
  [1m[36m (0.2ms)[0m  [1mbegin transaction[0m
  [1m[35m (0.8ms)[0m  CREATE TABLE "snacks" ("id" INTEGER PRIMARY KEY AUTOINCREMENT NOT NULL, "nombre" varchar(255), "precio" integer, "created_at" datetime, "updated_at" datetime) 
  [1m[36mSQL (0.3ms)[0m  [1mINSERT INTO "schema_migrations" ("version") VALUES (?)[0m  [["version", "20140930203717"]]
  [1m[35m (129.6ms)[0m  commit transaction
Migrating to CreateSodas (20140930203816)
  [1m[36m (0.2ms)[0m  [1mbegin transaction[0m
  [1m[35m (0.7ms)[0m  CREATE TABLE "sodas" ("id" INTEGER PRIMARY KEY AUTOINCREMENT NOT NULL, "nombre" varchar(255), "abre" time, "cierra" time, "iDesayuno" time, "fDesayuno" time, "iAlmuerzo" time, "fAlmuerzo" time, "iCena" time, "fCena" time, "created_at" datetime, "updated_at" datetime) 
  [1m[36mSQL (0.3ms)[0m  [1mINSERT INTO "schema_migrations" ("version") VALUES (?)[0m  [["version", "20140930203816"]]
  [1m[35m (140.9ms)[0m  commit transaction
Migrating to CreateUsuarios (20140930203854)
  [1m[36m (0.2ms)[0m  [1mbegin transaction[0m
  [1m[35m (0.8ms)[0m  CREATE TABLE "usuarios" ("id" INTEGER PRIMARY KEY AUTOINCREMENT NOT NULL, "nombre" varchar(255), "direccion" varchar(255), "created_at" datetime, "updated_at" datetime) 
  [1m[36mSQL (0.2ms)[0m  [1mINSERT INTO "schema_migrations" ("version") VALUES (?)[0m  [["version", "20140930203854"]]
  [1m[35m (108.0ms)[0m  commit transaction
  [1m[36mActiveRecord::SchemaMigration Load (0.2ms)[0m  [1mSELECT "schema_migrations".* FROM "schema_migrations"[0m
  [1m[36mActiveRecord::SchemaMigration Load (0.1ms)[0m  [1mSELECT "schema_migrations".* FROM "schema_migrations"[0m
  [1m[35mActiveRecord::SchemaMigration Load (0.1ms)[0m  SELECT "schema_migrations".* FROM "schema_migrations"
  [1m[36mActiveRecord::SchemaMigration Load (0.1ms)[0m  [1mSELECT "schema_migrations".* FROM "schema_migrations"[0m
  [1m[35mActiveRecord::SchemaMigration Load (0.1ms)[0m  SELECT "schema_migrations".* FROM "schema_migrations"
  [1m[36mActiveRecord::SchemaMigration Load (0.1ms)[0m  [1mSELECT "schema_migrations".* FROM "schema_migrations"[0m
  [1m[35mActiveRecord::SchemaMigration Load (0.1ms)[0m  SELECT "schema_migrations".* FROM "schema_migrations"
  [1m[36m (0.2ms)[0m  [1mSELECT version FROM schema_migrations[0m
  [1m[36mActiveRecord::SchemaMigration Load (0.1ms)[0m  [1mSELECT "schema_migrations".* FROM "schema_migrations"[0m
  [1m[35mActiveRecord::SchemaMigration Load (0.1ms)[0m  SELECT "schema_migrations".* FROM "schema_migrations"
Migrating to CreateUsuarios (20140930203854)
  [1m[36m (0.1ms)[0m  [1mbegin transaction[0m
  [1m[35m (0.8ms)[0m  DROP TABLE "usuarios"
  [1m[36mSQL (0.3ms)[0m  [1mDELETE FROM "schema_migrations" WHERE "schema_migrations"."version" = '20140930203854'[0m
  [1m[35m (137.4ms)[0m  commit transaction
  [1m[36mActiveRecord::SchemaMigration Load (0.2ms)[0m  [1mSELECT "schema_migrations".* FROM "schema_migrations"[0m
  [1m[36m (0.2ms)[0m  [1mSELECT version FROM schema_migrations[0m
  [1m[36mActiveRecord::SchemaMigration Load (0.1ms)[0m  [1mSELECT "schema_migrations".* FROM "schema_migrations"[0m
Migrating to CreateUsuarios (20140930203854)
  [1m[35m (0.1ms)[0m  begin transaction
  [1m[36m (0.9ms)[0m  [1mCREATE TABLE "usuarios" ("id" INTEGER PRIMARY KEY AUTOINCREMENT NOT NULL, "nombre" varchar(255), "direccion" varchar(255), "created_at" datetime, "updated_at" datetime) [0m
  [1m[35mSQL (0.4ms)[0m  INSERT INTO "schema_migrations" ("version") VALUES (?)  [["version", "20140930203854"]]
  [1m[36m (121.1ms)[0m  [1mcommit transaction[0m
  [1m[35mActiveRecord::SchemaMigration Load (0.2ms)[0m  SELECT "schema_migrations".* FROM "schema_migrations"
  [1m[36mActiveRecord::SchemaMigration Load (0.1ms)[0m  [1mSELECT "schema_migrations".* FROM "schema_migrations"[0m
  [1m[35mActiveRecord::SchemaMigration Load (0.1ms)[0m  SELECT "schema_migrations".* FROM "schema_migrations"
Migrating to CreateUsuarios (20140930203854)
  [1m[36m (0.1ms)[0m  [1mbegin transaction[0m
  [1m[35m (0.6ms)[0m  DROP TABLE "usuarios"
  [1m[36mSQL (0.2ms)[0m  [1mDELETE FROM "schema_migrations" WHERE "schema_migrations"."version" = '20140930203854'[0m
  [1m[35m (147.2ms)[0m  commit transaction
  [1m[36mActiveRecord::SchemaMigration Load (0.3ms)[0m  [1mSELECT "schema_migrations".* FROM "schema_migrations"[0m
  [1m[36mActiveRecord::SchemaMigration Load (0.1ms)[0m  [1mSELECT "schema_migrations".* FROM "schema_migrations"[0m
  [1m[35mActiveRecord::SchemaMigration Load (0.1ms)[0m  SELECT "schema_migrations".* FROM "schema_migrations"
Migrating to CreateSodas (20140930203816)
  [1m[36m (0.1ms)[0m  [1mbegin transaction[0m
  [1m[35m (0.7ms)[0m  DROP TABLE "sodas"
  [1m[36mSQL (0.2ms)[0m  [1mDELETE FROM "schema_migrations" WHERE "schema_migrations"."version" = '20140930203816'[0m
  [1m[35m (136.6ms)[0m  commit transaction
  [1m[36mActiveRecord::SchemaMigration Load (0.2ms)[0m  [1mSELECT "schema_migrations".* FROM "schema_migrations"[0m
  [1m[36mActiveRecord::SchemaMigration Load (0.1ms)[0m  [1mSELECT "schema_migrations".* FROM "schema_migrations"[0m
  [1m[35mActiveRecord::SchemaMigration Load (0.1ms)[0m  SELECT "schema_migrations".* FROM "schema_migrations"
Migrating to CreateSnacks (20140930203717)
  [1m[36m (0.1ms)[0m  [1mbegin transaction[0m
  [1m[35m (0.7ms)[0m  DROP TABLE "snacks"
  [1m[36mSQL (0.2ms)[0m  [1mDELETE FROM "schema_migrations" WHERE "schema_migrations"."version" = '20140930203717'[0m
  [1m[35m (131.2ms)[0m  commit transaction
  [1m[36mActiveRecord::SchemaMigration Load (0.2ms)[0m  [1mSELECT "schema_migrations".* FROM "schema_migrations"[0m
  [1m[36mActiveRecord::SchemaMigration Load (0.1ms)[0m  [1mSELECT "schema_migrations".* FROM "schema_migrations"[0m
  [1m[35mActiveRecord::SchemaMigration Load (0.1ms)[0m  SELECT "schema_migrations".* FROM "schema_migrations"
Migrating to CreatePlatos (20140930203638)
  [1m[36m (0.1ms)[0m  [1mbegin transaction[0m
  [1m[35m (0.6ms)[0m  DROP TABLE "platos"
  [1m[36mSQL (0.2ms)[0m  [1mDELETE FROM "schema_migrations" WHERE "schema_migrations"."version" = '20140930203638'[0m
  [1m[35m (223.8ms)[0m  commit transaction
  [1m[36mActiveRecord::SchemaMigration Load (0.1ms)[0m  [1mSELECT "schema_migrations".* FROM "schema_migrations"[0m
  [1m[36mActiveRecord::SchemaMigration Load (0.1ms)[0m  [1mSELECT "schema_migrations".* FROM "schema_migrations"[0m
  [1m[35mActiveRecord::SchemaMigration Load (0.2ms)[0m  SELECT "schema_migrations".* FROM "schema_migrations"
Migrating to CreateComentarios (20140930203452)
  [1m[36m (0.1ms)[0m  [1mbegin transaction[0m
  [1m[35m (0.6ms)[0m  DROP TABLE "comentarios"
  [1m[36mSQL (0.2ms)[0m  [1mDELETE FROM "schema_migrations" WHERE "schema_migrations"."version" = '20140930203452'[0m
  [1m[35m (542.1ms)[0m  commit transaction
  [1m[36mActiveRecord::SchemaMigration Load (0.1ms)[0m  [1mSELECT "schema_migrations".* FROM "schema_migrations"[0m
  [1m[36mActiveRecord::SchemaMigration Load (0.1ms)[0m  [1mSELECT "schema_migrations".* FROM "schema_migrations"[0m
  [1m[35mActiveRecord::SchemaMigration Load (0.1ms)[0m  SELECT "schema_migrations".* FROM "schema_migrations"
  [1m[36mActiveRecord::SchemaMigration Load (0.1ms)[0m  [1mSELECT "schema_migrations".* FROM "schema_migrations"[0m
Migrating to CreateComentarios (20140930203452)
  [1m[35m (0.1ms)[0m  begin transaction
  [1m[36m (0.7ms)[0m  [1mCREATE TABLE "comentarios" ("id" INTEGER PRIMARY KEY AUTOINCREMENT NOT NULL, "usuario_id" integer, "plato_id" integer, "comentario" varchar(255), "puntos" integer, "created_at" datetime, "updated_at" datetime) [0m
  [1m[35mSQL (0.3ms)[0m  INSERT INTO "schema_migrations" ("version") VALUES (?)  [["version", "20140930203452"]]
  [1m[36m (111.0ms)[0m  [1mcommit transaction[0m
Migrating to CreatePlatos (20140930203638)
  [1m[35m (0.2ms)[0m  begin transaction
  [1m[36m (0.5ms)[0m  [1mCREATE TABLE "platos" ("id" INTEGER PRIMARY KEY AUTOINCREMENT NOT NULL, "soda_id" integer, "nombre" varchar(255), "precio" integer, "categoria" varchar(255), "tipo" varchar(255), "calificaciones" integer, "total" integer, "created_at" datetime, "updated_at" datetime) [0m
  [1m[35mSQL (0.2ms)[0m  INSERT INTO "schema_migrations" ("version") VALUES (?)  [["version", "20140930203638"]]
  [1m[36m (132.4ms)[0m  [1mcommit transaction[0m
Migrating to CreateSnacks (20140930203717)
  [1m[35m (0.2ms)[0m  begin transaction
  [1m[36m (0.8ms)[0m  [1mCREATE TABLE "snacks" ("id" INTEGER PRIMARY KEY AUTOINCREMENT NOT NULL, "soda_id" integer, "nombre" varchar(255), "precio" integer, "created_at" datetime, "updated_at" datetime) [0m
  [1m[35mSQL (0.3ms)[0m  INSERT INTO "schema_migrations" ("version") VALUES (?)  [["version", "20140930203717"]]
  [1m[36m (140.8ms)[0m  [1mcommit transaction[0m
Migrating to CreateSodas (20140930203816)
  [1m[35m (0.2ms)[0m  begin transaction
  [1m[36m (0.8ms)[0m  [1mCREATE TABLE "sodas" ("id" INTEGER PRIMARY KEY AUTOINCREMENT NOT NULL, "nombre" varchar(255), "abre" time, "cierra" time, "iDesayuno" time, "fDesayuno" time, "iAlmuerzo" time, "fAlmuerzo" time, "iCena" time, "fCena" time, "created_at" datetime, "updated_at" datetime) [0m
  [1m[35mSQL (0.2ms)[0m  INSERT INTO "schema_migrations" ("version") VALUES (?)  [["version", "20140930203816"]]
  [1m[36m (219.4ms)[0m  [1mcommit transaction[0m
Migrating to CreateUsuarios (20140930203854)
  [1m[35m (0.2ms)[0m  begin transaction
  [1m[36m (0.8ms)[0m  [1mCREATE TABLE "usuarios" ("id" INTEGER PRIMARY KEY AUTOINCREMENT NOT NULL, "nombre" varchar(255), "direccion" varchar(255), "created_at" datetime, "updated_at" datetime) [0m
  [1m[35mSQL (0.2ms)[0m  INSERT INTO "schema_migrations" ("version") VALUES (?)  [["version", "20140930203854"]]
  [1m[36m (119.2ms)[0m  [1mcommit transaction[0m
  [1m[35mActiveRecord::SchemaMigration Load (0.2ms)[0m  SELECT "schema_migrations".* FROM "schema_migrations"
  [1m[36mActiveRecord::SchemaMigration Load (0.2ms)[0m  [1mSELECT "schema_migrations".* FROM "schema_migrations"[0m
  [1m[35mActiveRecord::SchemaMigration Load (0.3ms)[0m  SELECT "schema_migrations".* FROM "schema_migrations"
  [1m[36mActiveRecord::SchemaMigration Load (0.1ms)[0m  [1mSELECT "schema_migrations".* FROM "schema_migrations"[0m
Migrating to AddLongToSodas (20141003194012)
  [1m[35m (0.2ms)[0m  begin transaction
  [1m[36m (23.0ms)[0m  [1mALTER TABLE "sodas" ADD "long" double[0m
  [1m[35mSQL (0.7ms)[0m  INSERT INTO "schema_migrations" ("version") VALUES (?)  [["version", "20141003194012"]]
  [1m[36m (149.1ms)[0m  [1mcommit transaction[0m
Migrating to AddLatToSodas (20141003194024)
  [1m[35m (0.2ms)[0m  begin transaction
  [1m[36m (0.9ms)[0m  [1mALTER TABLE "sodas" ADD "lat" double[0m
  [1m[35mSQL (0.3ms)[0m  INSERT INTO "schema_migrations" ("version") VALUES (?)  [["version", "20141003194024"]]
  [1m[36m (107.7ms)[0m  [1mcommit transaction[0m
  [1m[35mActiveRecord::SchemaMigration Load (0.3ms)[0m  SELECT "schema_migrations".* FROM "schema_migrations"
  [1m[36mActiveRecord::SchemaMigration Load (0.1ms)[0m  [1mSELECT "schema_migrations".* FROM "schema_migrations"[0m
  [1m[35mActiveRecord::SchemaMigration Load (0.1ms)[0m  SELECT "schema_migrations".* FROM "schema_migrations"


Started GET "/" for 127.0.0.1 at 2014-10-03 19:37:26 -0600
  [1m[36mActiveRecord::SchemaMigration Load (0.2ms)[0m  [1mSELECT "schema_migrations".* FROM "schema_migrations"[0m
Processing by Rails::WelcomeController#index as HTML
  Rendered /usr/local/rvm/gems/ruby-2.1.2/gems/railties-4.1.6/lib/rails/templates/rails/welcome/index.html.erb (3.0ms)
Completed 200 OK in 71ms (Views: 70.1ms | ActiveRecord: 0.0ms)


Started GET "/sodas" for 127.0.0.1 at 2014-10-03 19:37:39 -0600

ActionController::RoutingError (No route matches [GET] "/sodas"):
  actionpack (4.1.6) lib/action_dispatch/middleware/debug_exceptions.rb:21:in `call'
  actionpack (4.1.6) lib/action_dispatch/middleware/show_exceptions.rb:30:in `call'
  railties (4.1.6) lib/rails/rack/logger.rb:38:in `call_app'
  railties (4.1.6) lib/rails/rack/logger.rb:20:in `block in call'
  activesupport (4.1.6) lib/active_support/tagged_logging.rb:68:in `block in tagged'
  activesupport (4.1.6) lib/active_support/tagged_logging.rb:26:in `tagged'
  activesupport (4.1.6) lib/active_support/tagged_logging.rb:68:in `tagged'
  railties (4.1.6) lib/rails/rack/logger.rb:20:in `call'
  actionpack (4.1.6) lib/action_dispatch/middleware/request_id.rb:21:in `call'
  rack (1.5.2) lib/rack/runtime.rb:17:in `call'
  activesupport (4.1.6) lib/active_support/cache/strategy/local_cache_middleware.rb:26:in `call'
  rack (1.5.2) lib/rack/lock.rb:17:in `call'
  actionpack (4.1.6) lib/action_dispatch/middleware/static.rb:64:in `call'
  railties (4.1.6) lib/rails/engine.rb:514:in `call'
  railties (4.1.6) lib/rails/application.rb:144:in `call'
  rack (1.5.2) lib/rack/lock.rb:17:in `call'
  rack (1.5.2) lib/rack/content_length.rb:14:in `call'
  rack (1.5.2) lib/rack/handler/webrick.rb:60:in `service'
  /usr/local/rvm/rubies/ruby-2.1.2/lib/ruby/2.1.0/webrick/httpserver.rb:138:in `service'
  /usr/local/rvm/rubies/ruby-2.1.2/lib/ruby/2.1.0/webrick/httpserver.rb:94:in `run'
  /usr/local/rvm/rubies/ruby-2.1.2/lib/ruby/2.1.0/webrick/server.rb:295:in `block in start_thread'


  Rendered /usr/local/rvm/gems/ruby-2.1.2/gems/actionpack-4.1.6/lib/action_dispatch/middleware/templates/rescues/_trace.html.erb (1.9ms)
  Rendered /usr/local/rvm/gems/ruby-2.1.2/gems/actionpack-4.1.6/lib/action_dispatch/middleware/templates/routes/_table.html.erb (29.7ms)
  Rendered /usr/local/rvm/gems/ruby-2.1.2/gems/actionpack-4.1.6/lib/action_dispatch/middleware/templates/rescues/routing_error.html.erb within rescues/layout (66.7ms)


Started GET "/sodas" for 127.0.0.1 at 2014-10-03 19:39:34 -0600

SyntaxError (/home/llamiro/Documents/UCR/II-2014/Inge2/DBAPI/UmenU/dbconfig/app/controllers/sodas_controller.rb:15: syntax error, unexpected ')', expecting =>
/home/llamiro/Documents/UCR/II-2014/Inge2/DBAPI/UmenU/dbconfig/app/controllers/sodas_controller.rb:54: syntax error, unexpected end-of-input, expecting keyword_end):
  app/controllers/sodas_controller.rb:15: syntax error, unexpected ')', expecting =>
  app/controllers/sodas_controller.rb:54: syntax error, unexpected end-of-input, expecting keyword_end


  Rendered /usr/local/rvm/gems/ruby-2.1.2/gems/actionpack-4.1.6/lib/action_dispatch/middleware/templates/rescues/_source.erb (2.1ms)
  Rendered /usr/local/rvm/gems/ruby-2.1.2/gems/actionpack-4.1.6/lib/action_dispatch/middleware/templates/rescues/_trace.html.erb (2.0ms)
  Rendered /usr/local/rvm/gems/ruby-2.1.2/gems/actionpack-4.1.6/lib/action_dispatch/middleware/templates/rescues/_request_and_response.html.erb (2.7ms)
  Rendered /usr/local/rvm/gems/ruby-2.1.2/gems/actionpack-4.1.6/lib/action_dispatch/middleware/templates/rescues/diagnostics.erb within rescues/layout (35.3ms)


Started GET "/sodas" for 127.0.0.1 at 2014-10-03 19:41:01 -0600
Processing by SodasController#index as HTML
  [1m[35mSoda Load (0.7ms)[0m  SELECT "sodas".* FROM "sodas"
Completed 200 OK in 45ms (Views: 1.0ms | ActiveRecord: 0.7ms)


Started GET "/comentarios" for 127.0.0.1 at 2014-10-03 19:41:58 -0600
Processing by ComentariosController#index as HTML
  [1m[36mComentario Load (0.7ms)[0m  [1mSELECT "comentarios".* FROM "comentarios"[0m
Completed 200 OK in 72ms (Views: 4.9ms | ActiveRecord: 0.7ms)


Started GET "/platos" for 127.0.0.1 at 2014-10-03 19:42:07 -0600

SyntaxError (/home/llamiro/Documents/UCR/II-2014/Inge2/DBAPI/UmenU/dbconfig/app/controllers/platos_controller.rb:15: syntax error, unexpected tIDENTIFIER, expecting ')'
...iones, :total, :id_soda]include: [comentario:{only: [:id]}])
...                               ^
/home/llamiro/Documents/UCR/II-2014/Inge2/DBAPI/UmenU/dbconfig/app/controllers/platos_controller.rb:15: syntax error, unexpected ')', expecting keyword_end
/home/llamiro/Documents/UCR/II-2014/Inge2/DBAPI/UmenU/dbconfig/app/controllers/platos_controller.rb:54: syntax error, unexpected end-of-input, expecting keyword_end):
  app/controllers/platos_controller.rb:15: syntax error, unexpected tIDENTIFIER, expecting ')'
  app/controllers/platos_controller.rb:15: syntax error, unexpected ')', expecting keyword_end
  app/controllers/platos_controller.rb:54: syntax error, unexpected end-of-input, expecting keyword_end


  Rendered /usr/local/rvm/gems/ruby-2.1.2/gems/actionpack-4.1.6/lib/action_dispatch/middleware/templates/rescues/_source.erb (0.9ms)
  Rendered /usr/local/rvm/gems/ruby-2.1.2/gems/actionpack-4.1.6/lib/action_dispatch/middleware/templates/rescues/_trace.html.erb (1.7ms)
  Rendered /usr/local/rvm/gems/ruby-2.1.2/gems/actionpack-4.1.6/lib/action_dispatch/middleware/templates/rescues/_request_and_response.html.erb (1.5ms)
  Rendered /usr/local/rvm/gems/ruby-2.1.2/gems/actionpack-4.1.6/lib/action_dispatch/middleware/templates/rescues/diagnostics.erb within rescues/layout (19.7ms)


Started GET "/platos" for 127.0.0.1 at 2014-10-03 19:42:53 -0600

SyntaxError (/home/llamiro/Documents/UCR/II-2014/Inge2/DBAPI/UmenU/dbconfig/app/controllers/platos_controller.rb:15: syntax error, unexpected tIDENTIFIER, expecting ')'
...iones, :total, :id_soda]include: ,[comentario:{only: [:id]}])
...                               ^
/home/llamiro/Documents/UCR/II-2014/Inge2/DBAPI/UmenU/dbconfig/app/controllers/platos_controller.rb:15: syntax error, unexpected ')', expecting keyword_end
/home/llamiro/Documents/UCR/II-2014/Inge2/DBAPI/UmenU/dbconfig/app/controllers/platos_controller.rb:54: syntax error, unexpected end-of-input, expecting keyword_end):
  app/controllers/platos_controller.rb:15: syntax error, unexpected tIDENTIFIER, expecting ')'
  app/controllers/platos_controller.rb:15: syntax error, unexpected ')', expecting keyword_end
  app/controllers/platos_controller.rb:54: syntax error, unexpected end-of-input, expecting keyword_end


  Rendered /usr/local/rvm/gems/ruby-2.1.2/gems/actionpack-4.1.6/lib/action_dispatch/middleware/templates/rescues/_source.erb (0.9ms)
  Rendered /usr/local/rvm/gems/ruby-2.1.2/gems/actionpack-4.1.6/lib/action_dispatch/middleware/templates/rescues/_trace.html.erb (1.7ms)
  Rendered /usr/local/rvm/gems/ruby-2.1.2/gems/actionpack-4.1.6/lib/action_dispatch/middleware/templates/rescues/_request_and_response.html.erb (1.5ms)
  Rendered /usr/local/rvm/gems/ruby-2.1.2/gems/actionpack-4.1.6/lib/action_dispatch/middleware/templates/rescues/diagnostics.erb within rescues/layout (19.7ms)


Started GET "/platos" for 127.0.0.1 at 2014-10-03 19:43:10 -0600
Processing by PlatosController#index as HTML
  [1m[35mPlato Load (0.6ms)[0m  SELECT "platos".* FROM "platos"
Completed 200 OK in 33ms (Views: 1.0ms | ActiveRecord: 0.6ms)


Started POST "/usuarios" for 127.0.0.1 at 2014-10-03 20:08:56 -0600
Processing by UsuariosController#create as HTML
  Parameters: {"nombre"=>"Jorge", "direccion"=>"a@a.com", "usuario"=>{"nombre"=>"Jorge", "direccion"=>"a@a.com"}}
Unpermitted parameters: usuario
  [1m[36m (0.2ms)[0m  [1mbegin transaction[0m
  [1m[35mSQL (0.8ms)[0m  INSERT INTO "usuarios" ("created_at", "direccion", "nombre", "updated_at") VALUES (?, ?, ?, ?)  [["created_at", "2014-10-04 02:08:57.058687"], ["direccion", "a@a.com"], ["nombre", "Jorge"], ["updated_at", "2014-10-04 02:08:57.058687"]]
  [1m[36m (123.1ms)[0m  [1mcommit transaction[0m
Completed 201 Created in 168ms (Views: 2.4ms | ActiveRecord: 124.5ms)


Started GET "/usuarios/1" for 127.0.0.1 at 2014-10-03 20:09:08 -0600
Processing by UsuariosController#show as HTML
  Parameters: {"id"=>"1"}
  [1m[35mUsuario Load (0.3ms)[0m  SELECT  "usuarios".* FROM "usuarios"  WHERE "usuarios"."id" = ? LIMIT 1  [["id", 1]]
Completed 500 Internal Server Error in 7ms

NoMethodError (undefined method `comentario' for #<Usuario:0x000000047b2cb8>):
  app/controllers/usuarios_controller.rb:15:in `show'


  Rendered /usr/local/rvm/gems/ruby-2.1.2/gems/actionpack-4.1.6/lib/action_dispatch/middleware/templates/rescues/_source.erb (1.1ms)
  Rendered /usr/local/rvm/gems/ruby-2.1.2/gems/actionpack-4.1.6/lib/action_dispatch/middleware/templates/rescues/_trace.html.erb (2.0ms)
  Rendered /usr/local/rvm/gems/ruby-2.1.2/gems/actionpack-4.1.6/lib/action_dispatch/middleware/templates/rescues/_request_and_response.html.erb (1.5ms)
  Rendered /usr/local/rvm/gems/ruby-2.1.2/gems/actionpack-4.1.6/lib/action_dispatch/middleware/templates/rescues/diagnostics.erb within rescues/layout (20.8ms)


Started GET "/usuarios/1" for 127.0.0.1 at 2014-10-03 20:11:55 -0600

SyntaxError (/home/llamiro/Documents/UCR/II-2014/Inge2/DBAPI/UmenU/dbconfig/app/controllers/usuarios_controller.rb:57: syntax error, unexpected end-of-input, expecting keyword_end):
  app/controllers/usuarios_controller.rb:57: syntax error, unexpected end-of-input, expecting keyword_end


  Rendered /usr/local/rvm/gems/ruby-2.1.2/gems/actionpack-4.1.6/lib/action_dispatch/middleware/templates/rescues/_source.erb (0.9ms)
  Rendered /usr/local/rvm/gems/ruby-2.1.2/gems/actionpack-4.1.6/lib/action_dispatch/middleware/templates/rescues/_trace.html.erb (1.8ms)
  Rendered /usr/local/rvm/gems/ruby-2.1.2/gems/actionpack-4.1.6/lib/action_dispatch/middleware/templates/rescues/_request_and_response.html.erb (1.4ms)
  Rendered /usr/local/rvm/gems/ruby-2.1.2/gems/actionpack-4.1.6/lib/action_dispatch/middleware/templates/rescues/diagnostics.erb within rescues/layout (19.4ms)


Started GET "/usuarios/1" for 127.0.0.1 at 2014-10-03 20:12:27 -0600
Processing by UsuariosController#show as HTML
  Parameters: {"id"=>"1"}
  [1m[36mUsuario Load (0.2ms)[0m  [1mSELECT  "usuarios".* FROM "usuarios"  WHERE "usuarios"."id" = ? LIMIT 1[0m  [["id", 1]]
Completed 500 Internal Server Error in 10ms

NoMethodError (undefined method `comentario' for #<Usuario:0x000000022dc0d8>):
  app/controllers/usuarios_controller.rb:15:in `show'


  Rendered /usr/local/rvm/gems/ruby-2.1.2/gems/actionpack-4.1.6/lib/action_dispatch/middleware/templates/rescues/_source.erb (0.9ms)
  Rendered /usr/local/rvm/gems/ruby-2.1.2/gems/actionpack-4.1.6/lib/action_dispatch/middleware/templates/rescues/_trace.html.erb (1.7ms)
  Rendered /usr/local/rvm/gems/ruby-2.1.2/gems/actionpack-4.1.6/lib/action_dispatch/middleware/templates/rescues/_request_and_response.html.erb (1.3ms)
  Rendered /usr/local/rvm/gems/ruby-2.1.2/gems/actionpack-4.1.6/lib/action_dispatch/middleware/templates/rescues/diagnostics.erb within rescues/layout (19.1ms)
  [1m[36mUsuario Load (0.3ms)[0m  [1mSELECT  "usuarios".* FROM "usuarios"   ORDER BY "usuarios"."id" ASC LIMIT 1[0m


Started GET "/usuarios/1" for 127.0.0.1 at 2014-10-03 20:17:22 -0600
Processing by UsuariosController#show as HTML
  Parameters: {"id"=>"1"}
  [1m[35mUsuario Load (0.2ms)[0m  SELECT  "usuarios".* FROM "usuarios"  WHERE "usuarios"."id" = ? LIMIT 1  [["id", 1]]
  [1m[36mComentario Load (0.2ms)[0m  [1mSELECT  "comentarios".* FROM "comentarios"  WHERE "comentarios"."usuario_id" = ?  ORDER BY "comentarios"."id" ASC LIMIT 1[0m  [["usuario_id", 1]]
Completed 200 OK in 83ms (Views: 0.3ms | ActiveRecord: 1.6ms)
